<?xml version="1.0" encoding="UTF-8"?>
<!-- Generated by org.testng.reporters.JUnitReportReporter -->
<testsuite hostname="tyy-HP-WRI-PC" name="common.dao.NewTest" tests="1" failures="0" timestamp="9 Apr 2013 08:53:19 GMT" time="0.427" errors="0">
  <testcase name="f" time="0.427" classname="common.dao.NewTest"/>
</testsuite> <!-- common.dao.NewTest -->
